-------------------------------------------------------------------------------
Test set: edu.eci.cvds.tdd.registry.RegistryTest
-------------------------------------------------------------------------------
Tests run: 4, Failures: 1, Errors: 0, Skipped: 0, Time elapsed: 0.001 s <<< FAILURE! - in edu.eci.cvds.tdd.registry.RegistryTest
validateRegistryResult(edu.eci.cvds.tdd.registry.RegistryTest)  Time elapsed: 0.001 s  <<< FAILURE!
java.lang.AssertionError: expected:<VALID> but was:<DEAD>
	at edu.eci.cvds.tdd.registry.RegistryTest.validateRegistryResult(RegistryTest.java:14)

